[debug] [2021-08-23T15:44:15.124Z] ----------------------------------------------------------------------
[debug] [2021-08-23T15:44:15.128Z] Command:       C:\Program Files\nodejs\node.exe C:\Users\AB BARCHA\AppData\Roaming\npm\node_modules\firebase-tools\lib\bin\firebase.js init
[debug] [2021-08-23T15:44:15.128Z] CLI Version:   9.16.5
[debug] [2021-08-23T15:44:15.128Z] Platform:      win32
[debug] [2021-08-23T15:44:15.128Z] Node Version:  v16.0.0
[debug] [2021-08-23T15:44:15.130Z] Time:          Mon Aug 23 2021 20:44:15 GMT+0500 (Pakistan Standard Time)
[debug] [2021-08-23T15:44:15.130Z] ----------------------------------------------------------------------
[debug] 
[debug] [2021-08-23T15:44:15.240Z] > command requires scopes: ["email","openid","https://www.googleapis.com/auth/cloudplatformprojects.readonly","https://www.googleapis.com/auth/firebase","https://www.googleapis.com/auth/cloud-platform"]
[debug] [2021-08-23T15:44:15.241Z] > authorizing via signed-in user (abrarakbar2002@gmail.com)
[info] 
     ######## #### ########  ######## ########     ###     ######  ########
     ##        ##  ##     ## ##       ##     ##  ##   ##  ##       ##
     ######    ##  ########  ######   ########  #########  ######  ######
     ##        ##  ##    ##  ##       ##     ## ##     ##       ## ##
     ##       #### ##     ## ######## ########  ##     ##  ######  ########

You're about to initialize a Firebase project in this directory:

  C:\Users\AB BARCHA\Desktop\fiverrr\facebook clone\fb-clone

Before we get started, keep in mind:

  * You are initializing within an existing Firebase project directory

[info] 
=== Project Setup
[info] 
[info] First, let's associate this project directory with a Firebase project.
[info] You can create multiple project aliases by running firebase use --add, 
[info] but for now we'll just set up a default project.
[info] 
[info] i  .firebaserc already has a default project, using facebook-clone-3fc17. 
[debug] [2021-08-23T15:44:21.748Z] >>> [apiv2][query] GET https://firebase.googleapis.com/v1beta1/projects/facebook-clone-3fc17 [none]
[debug] [2021-08-23T15:44:22.333Z] <<< [apiv2][status] GET https://firebase.googleapis.com/v1beta1/projects/facebook-clone-3fc17 200
[debug] [2021-08-23T15:44:22.333Z] <<< [apiv2][body] GET https://firebase.googleapis.com/v1beta1/projects/facebook-clone-3fc17 {"projectId":"facebook-clone-3fc17","projectNumber":"445995451766","displayName":"facebook-clone","name":"projects/facebook-clone-3fc17","resources":{"hostingSite":"facebook-clone-3fc17"},"state":"ACTIVE"}
[info] 
=== Hosting Setup
[info] 
[info] Your public directory is the folder (relative to your project directory) that
[info] will contain Hosting assets to be uploaded with firebase deploy. If you
[info] have a build process for your assets, use your build's output directory.
[info] 
[debug] [2021-08-23T15:44:27.490Z] >>> [apiv2][query] GET https://www.gstatic.com/firebasejs/releases.json [none]
[debug] [2021-08-23T15:44:27.769Z] <<< [apiv2][status] GET https://www.gstatic.com/firebasejs/releases.json 200
[debug] [2021-08-23T15:44:27.770Z] <<< [apiv2][body] GET https://www.gstatic.com/firebasejs/releases.json {"current":{"version":"8.10.0","browserURL":"https://www.gstatic.com/firebasejs/8.10.0/firebase.js","packageURL":"https://www.gstatic.com/firebasejs/8.10.0/firebase.tgz"},"live":{"version":"8.10","browserURL":"https://www.gstatic.com/firebasejs/live/8.10/firebase.js","packageURL":"https://www.gstatic.com/firebasejs/live/8.10/firebase.tgz"},"components":{"analytics":"https://www.gstatic.com/firebasejs/8.10.0/firebase-analytics.js","app":"https://www.gstatic.com/firebasejs/8.10.0/firebase-app.js","app-check":"https://www.gstatic.com/firebasejs/8.10.0/firebase-app-check.js","auth":"https://www.gstatic.com/firebasejs/8.10.0/firebase-auth.js","database":"https://www.gstatic.com/firebasejs/8.10.0/firebase-database.js","firestore":"https://www.gstatic.com/firebasejs/8.10.0/firebase-firestore.js","functions":"https://www.gstatic.com/firebasejs/8.10.0/firebase-functions.js","installations":"https://www.gstatic.com/firebasejs/8.10.0/firebase-installations.js","messaging":"https://www.gstatic.com/firebasejs/8.10.0/firebase-messaging.js","storage":"https://www.gstatic.com/firebasejs/8.10.0/firebase-storage.js","performance":"https://www.gstatic.com/firebasejs/8.10.0/firebase-performance.js","remote-config":"https://www.gstatic.com/firebasejs/8.10.0/firebase-remote-config.js","firestore.memory":"https://www.gstatic.com/firebasejs/8.10.0/firebase-firestore.memory.js"}}
[info] +  Wrote public/index.html 
[info] 
[info] i  Didn't detect a .git folder. Assuming C:\Users\AB BARCHA\Desktop\fiverrr\facebook clone\fb-clone is the project root. 
[info] i  Authorizing with GitHub to upload your service account to a GitHub repository's secrets store. 
[info] 
[info] Visit this URL on this device to log in:
[info] https://github.com/login/oauth/authorize?client_id=89cf50f02ac6aaed3484&state=326183582&redirect_uri=http%3A%2F%2Flocalhost%3A9005&scope=read%3Auser%20repo%20public_repo
[info] 
[info] Waiting for authentication...
[debug] [2021-08-23T15:44:40.409Z] >>> HTTP REQUEST POST https://github.com/login/oauth/access_token  
 {"client_id":"89cf50f02ac6aaed3484","client_secret":"3330d14abc895d9a74d5f17cd7a00711fa2c5bf0","code":"d1608cc8aec240f1ecc7","redirect_uri":"http://localhost:9005","state":"326183582"}
[debug] [2021-08-23T15:44:40.952Z] <<< HTTP RESPONSE 200 {"server":"GitHub.com","date":"Mon, 23 Aug 2021 15:44:40 GMT","content-type":"application/json; charset=utf-8","transfer-encoding":"chunked","vary":"X-PJAX, Accept-Encoding, Accept, X-Requested-With","permissions-policy":"interest-cohort=()","etag":"W/\"6c1d9240710079fdebcf83c799119f87\"","cache-control":"max-age=0, private, must-revalidate","strict-transport-security":"max-age=31536000; includeSubdomains; preload","x-frame-options":"deny","x-content-type-options":"nosniff","x-xss-protection":"0","referrer-policy":"origin-when-cross-origin, strict-origin-when-cross-origin","expect-ct":"max-age=2592000, report-uri=\"https://api.github.com/_private/browser/errors\"","content-security-policy":"default-src 'none'; base-uri 'self'; block-all-mixed-content; connect-src 'self' uploads.github.com www.githubstatus.com collector.githubapp.com api.github.com github-cloud.s3.amazonaws.com github-production-repository-file-5c1aeb.s3.amazonaws.com github-production-upload-manifest-file-7fdce7.s3.amazonaws.com github-production-user-asset-6210df.s3.amazonaws.com cdn.optimizely.com logx.optimizely.com/v1/events translator.github.com wss://alive.github.com; font-src github.githubassets.com; form-action 'self' github.com gist.github.com; frame-ancestors 'none'; frame-src render.githubusercontent.com viewscreen.githubusercontent.com; img-src 'self' data: github.githubassets.com identicons.github.com collector.githubapp.com github-cloud.s3.amazonaws.com secured-user-images.githubusercontent.com/ *.githubusercontent.com; manifest-src 'self'; media-src 'none'; script-src github.githubassets.com; style-src 'unsafe-inline' github.githubassets.com; worker-src github.com/socket-worker-3f088aa2.js gist.github.com/socket-worker-3f088aa2.js","x-github-request-id":"DA29:506E:32799:3F448:6123C268"}
[debug] [2021-08-23T15:44:41.004Z] >>> [apiv2][query] GET https://api.github.com/user [none]
[debug] [2021-08-23T15:44:41.978Z] <<< [apiv2][status] GET https://api.github.com/user 200
[debug] [2021-08-23T15:44:41.979Z] <<< [apiv2][body] GET https://api.github.com/user {"login":"Abbarcha12","id":80164608,"node_id":"MDQ6VXNlcjgwMTY0NjA4","avatar_url":"https://avatars.githubusercontent.com/u/80164608?v=4","gravatar_id":"","url":"https://api.github.com/users/Abbarcha12","html_url":"https://github.com/Abbarcha12","followers_url":"https://api.github.com/users/Abbarcha12/followers","following_url":"https://api.github.com/users/Abbarcha12/following{/other_user}","gists_url":"https://api.github.com/users/Abbarcha12/gists{/gist_id}","starred_url":"https://api.github.com/users/Abbarcha12/starred{/owner}{/repo}","subscriptions_url":"https://api.github.com/users/Abbarcha12/subscriptions","organizations_url":"https://api.github.com/users/Abbarcha12/orgs","repos_url":"https://api.github.com/users/Abbarcha12/repos","events_url":"https://api.github.com/users/Abbarcha12/events{/privacy}","received_events_url":"https://api.github.com/users/Abbarcha12/received_events","type":"User","site_admin":false,"name":null,"company":null,"blog":"","location":null,"email":null,"hireable":null,"bio":null,"twitter_username":null,"public_repos":43,"public_gists":0,"followers":0,"following":0,"created_at":"2021-03-06T15:11:31Z","updated_at":"2021-07-27T14:47:24Z","private_gists":0,"total_private_repos":0,"owned_private_repos":0,"disk_usage":796,"collaborators":0,"two_factor_authentication":false,"plan":{"name":"free","space":976562499,"collaborators":0,"private_repos":10000}}
[info] 
[info] +  Success! Logged into GitHub as Abbarcha12 
[info] 
[debug] [2021-08-23T15:45:27.898Z] >>> [apiv2][query] GET https://api.github.com/repos//actions/secrets/public-key type=owner
[debug] [2021-08-23T15:45:28.821Z] <<< [apiv2][status] GET https://api.github.com/repos//actions/secrets/public-key 404
[debug] [2021-08-23T15:45:28.822Z] <<< [apiv2][body] GET https://api.github.com/repos//actions/secrets/public-key {"message":"Not Found","documentation_url":"https://docs.github.com/rest"}
[debug] [2021-08-23T15:45:32.759Z] >>> [apiv2][query] GET https://api.github.com/repos/y/actions/secrets/public-key type=owner
[debug] [2021-08-23T15:45:33.376Z] <<< [apiv2][status] GET https://api.github.com/repos/y/actions/secrets/public-key 404
[debug] [2021-08-23T15:45:33.376Z] <<< [apiv2][body] GET https://api.github.com/repos/y/actions/secrets/public-key {"message":"Not Found","documentation_url":"https://docs.github.com/rest"}
[debug] [2021-08-23T15:47:03.495Z] >>> [apiv2][query] GET https://api.github.com/repos/y/actions/secrets/public-key type=owner
[debug] [2021-08-23T15:47:04.067Z] <<< [apiv2][status] GET https://api.github.com/repos/y/actions/secrets/public-key 404
[debug] [2021-08-23T15:47:04.068Z] <<< [apiv2][body] GET https://api.github.com/repos/y/actions/secrets/public-key {"message":"Not Found","documentation_url":"https://docs.github.com/rest"}
[debug] [2021-08-23T15:47:07.764Z] >>> [apiv2][query] GET https://api.github.com/repos/gdg/actions/secrets/public-key type=owner
[debug] [2021-08-23T15:47:08.727Z] <<< [apiv2][status] GET https://api.github.com/repos/gdg/actions/secrets/public-key 404
[debug] [2021-08-23T15:47:08.728Z] <<< [apiv2][body] GET https://api.github.com/repos/gdg/actions/secrets/public-key {"message":"Not Found","documentation_url":"https://docs.github.com/rest"}
[debug] [2021-08-23T15:47:14.472Z] >>> [apiv2][query] GET https://api.github.com/repos/fb-clone/actions/secrets/public-key type=owner
[debug] [2021-08-23T15:47:14.950Z] <<< [apiv2][status] GET https://api.github.com/repos/fb-clone/actions/secrets/public-key 404
[debug] [2021-08-23T15:47:14.951Z] <<< [apiv2][body] GET https://api.github.com/repos/fb-clone/actions/secrets/public-key {"message":"Not Found","documentation_url":"https://docs.github.com/rest"}
[debug] [2021-08-23T15:47:15.324Z] >>> [apiv2][query] GET https://api.github.com/repos//actions/secrets/public-key type=owner
[debug] [2021-08-23T15:47:16.990Z] <<< [apiv2][status] GET https://api.github.com/repos//actions/secrets/public-key 404
[debug] [2021-08-23T15:47:16.990Z] <<< [apiv2][body] GET https://api.github.com/repos//actions/secrets/public-key {"message":"Not Found","documentation_url":"https://docs.github.com/rest"}
[debug] [2021-08-23T15:48:28.760Z] >>> [apiv2][query] GET https://api.github.com/repos/cls/actions/secrets/public-key type=owner
[debug] [2021-08-23T15:48:29.298Z] <<< [apiv2][status] GET https://api.github.com/repos/cls/actions/secrets/public-key 404
[debug] [2021-08-23T15:48:29.299Z] <<< [apiv2][body] GET https://api.github.com/repos/cls/actions/secrets/public-key {"message":"Not Found","documentation_url":"https://docs.github.com/rest"}
